<?xml version="1.0" encoding="UTF-8"?>
<!-- Generated by org.testng.reporters.JUnitReportReporter -->
<testsuite hostname="Arifuls-MBP.lan" failures="0" tests="1" name="practice.HomePageTest" time="28.119" errors="0" timestamp="2023-02-06T20:03:02 EST" skipped="0">
  <testcase classname="practice.HomePageTest" name="homepageTest" time="28.119"/>
  <system-out/>
</testsuite> <!-- practice.HomePageTest -->
